<?xml version="1.0" encoding="UTF-8"?>
<!-- Generated by org.testng.reporters.JUnitXMLReporter -->
<testsuite hostname="G1C2ML34791" ignored="0" name="Default test" tests="4" failures="0" timestamp="2019-09-20T16:49:27 IST" time="196.2" errors="0">
  <testcase name="DetergentSearch on com.mindtree.Runner.Application[frame0,0,0,0x0,invalid,hidden,layout=java.awt.BorderLayout,title=,resizable,normal,defaultCloseOperation=HIDE_ON_CLOSE,rootPane=javax.swing.JRootPane[,0,0,0x0,invalid,layout=javax.swing.JRootPane$RootLayout,alignmentX=0.0,alignmentY=0.0,border=,flags=16777673,maximumSize=,minimumSize=,preferredSize=],rootPaneCheckingEnabled=true]" time="24.995" classname="com.mindtree.Runner.Application"/>
  <testcase name="HomepageSearch on com.mindtree.Runner.Application[frame0,0,0,0x0,invalid,hidden,layout=java.awt.BorderLayout,title=,resizable,normal,defaultCloseOperation=HIDE_ON_CLOSE,rootPane=javax.swing.JRootPane[,0,0,0x0,invalid,layout=javax.swing.JRootPane$RootLayout,alignmentX=0.0,alignmentY=0.0,border=,flags=16777673,maximumSize=,minimumSize=,preferredSize=],rootPaneCheckingEnabled=true]" time="23.392" classname="com.mindtree.Runner.Application"/>
  <testcase name="directSelect on com.mindtree.Runner.Application[frame0,0,0,0x0,invalid,hidden,layout=java.awt.BorderLayout,title=,resizable,normal,defaultCloseOperation=HIDE_ON_CLOSE,rootPane=javax.swing.JRootPane[,0,0,0x0,invalid,layout=javax.swing.JRootPane$RootLayout,alignmentX=0.0,alignmentY=0.0,border=,flags=16777673,maximumSize=,minimumSize=,preferredSize=],rootPaneCheckingEnabled=true]" time="23.481" classname="com.mindtree.Runner.Application"/>
  <testcase name="homePageStain on com.mindtree.Runner.Application[frame0,0,0,0x0,invalid,hidden,layout=java.awt.BorderLayout,title=,resizable,normal,defaultCloseOperation=HIDE_ON_CLOSE,rootPane=javax.swing.JRootPane[,0,0,0x0,invalid,layout=javax.swing.JRootPane$RootLayout,alignmentX=0.0,alignmentY=0.0,border=,flags=16777673,maximumSize=,minimumSize=,preferredSize=],rootPaneCheckingEnabled=true]" time="26.573" classname="com.mindtree.Runner.Application"/>
</testsuite> <!-- Default test -->
